[    0.000000  Linux version 4.15.0-29-generic (buildd@lgw01-amd64-057) (gcc version 7.3.0 (Ubuntu 7.3.0-16ubuntu3)) #31-Ubuntu SMP Tue Jul 17 15:39:52 UTC 2018 (Ubuntu 4.15.0-29.31-generic 4.15.18)
[    0.000000] Command line: BOOT_IMAGE=/boot/vmlinuz-4.15.0-29-generic root=LABEL=cloudimg-rootfs ro console=tty1 console=ttyS0
[    0.000000] KERNEL supported cpus:
[    0.000000]   Intel GenuineIntel
[    0.000000]   AMD AuthenticAMD
[    0.000000]   Centaur CentaurHauls
[    0.000000] x86/fpu: Supporting XSAVE feature 0x001: 'x87 floating point registers'
[    0.000000] x86/fpu: Supporting XSAVE feature 0x002: 'SSE registers'
[    0.000000] x86/fpu: Supporting XSAVE feature 0x004: 'AVX registers'
[    0.000000] x86/fpu: xstate_offset[2]:  576, xstate_sizes[2]:  256
[    0.000000] x86/fpu: Enabled xstate features 0x7, context size is 832 bytes, using 'standard' format.
[    0.000000] e820: BIOS-provided physical RAM map:
[    0.000000] BIOS-e820: [mem 0x0000000000000000-0x000000000009fbff] usable
[    0.000000] BIOS-e820: [mem 0x000000000009fc00-0x000000000009ffff] reserved
[    0.000000] BIOS-e820: [mem 0x00000000000f0000-0x00000000000fffff] reserved
[    0.000000] BIOS-e820: [mem 0x0000000000100000-0x000000003ffeffff] usable
[    0.000000] BIOS-e820: [mem 0x000000003fff0000-0x000000003fffffff] ACPI data
[    0.000000] BIOS-e820: [mem 0x00000000fec00000-0x00000000fec00fff] reserved
[    0.000000] BIOS-e820: [mem 0x00000000fee00000-0x00000000fee00fff] reserved
[    0.000000] BIOS-e820: [mem 0x00000000fffc0000-0x00000000ffffffff] reserved
[    0.000000] NX (Execute Disable) protection: active
[    0.000000] SMBIOS 2.5 present.
[    0.000000] DMI: innotek GmbH VirtualBox/VirtualBox, BIOS VirtualBox 12/01/2006
[    0.000000] Hypervisor detected: KVM
[    0.000000] e820: last_pfn = 0x3fff0 max_arch_pfn = 0x400000000
[    0.000000] MTRR: Disabled
[    0.000000] x86/PAT: MTRRs disabled, skipping PAT initialization too.
[    0.000000] CPU MTRRs all blank - virtualized system.
[    0.000000] x86/PAT: Configuration [0-7]: WB  WT  UC- UC  WB  WT  UC- UC  
[    0.000000] found SMP MP-table at [mem 0x0009fff0-0x0009ffff] mapped at [        (ptrval)]
[    0.000000] Scanning 1 areas for low memory corruption
[    0.000000] RAMDISK: [mem 0x35ae5000-0x36d69fff]
[    0.000000] ACPI: Early table checksum verification disabled
[    0.000000] ACPI: RSDP 0x00000000000E0000 000024 (v02 VBOX  )
[    0.000000] ACPI: XSDT 0x000000003FFF0030 00003C (v01 VBOX   VBOXXSDT 00000001 ASL  00000061)
[    0.000000] ACPI: FACP 0x000000003FFF00F0 0000F4 (v04 VBOX   VBOXFACP 00000001 ASL  00000061)
[    0.000000] ACPI: DSDT 0x000000003FFF0470 0021FF (v02 VBOX   VBOXBIOS 00000002 INTL 20100528)
[    0.000000] ACPI: FACS 0x000000003FFF0200 000040
[    0.000000] ACPI: FACS 0x000000003FFF0200 000040
[    0.000000] ACPI: APIC 0x000000003FFF0240 000054 (v02 VBOX   VBOXAPIC 00000001 ASL  00000061)
[    0.000000] ACPI: SSDT 0x000000003FFF02A0 0001CC (v01 VBOX   VBOXCPUT 00000002 INTL 20100528)
[    0.000000] No NUMA configuration found
[    0.000000] Faking a node at [mem 0x0000000000000000-0x000000003ffeffff]
[    0.000000] NODE_DATA(0) allocated [mem 0x3ffc5000-0x3ffeffff]
[    0.000000] kvm-clock: cpu 0, msr 0:3ff44001, primary cpu clock
[    0.000000] kvm-clock: Using msrs 4b564d01 and 4b564d00
[    0.000000] kvm-clock: using sched offset of 3888263345 cycles
[    0.000000] clocksource: kvm-clock: mask: 0xffffffffffffffff max_cycles: 0x1cd42e4dffb, max_idle_ns: 881590591483 ns
[    0.000000] Zone ranges:
[    0.000000]   DMA      [mem 0x0000000000001000-0x0000000000ffffff]
[    0.000000]   DMA32    [mem 0x0000000001000000-0x000000003ffeffff]
[    0.000000]   Normal   empty
[    0.000000]   Device   empty
[    0.000000] Movable zone start for each node
[    0.000000] Early memory node ranges
[    0.000000]   node   0: [mem 0x0000000000001000-0x000000000009efff]
[    0.000000]   node   0: [mem 0x0000000000100000-0x000000003ffeffff]
[    0.000000] Initmem setup node 0 [mem 0x0000000000001000-0x000000003ffeffff]
[    0.000000] Reserved but unavailable: 98 pages
[    0.000000] ACPI: PM-Timer IO Port: 0x4008
[    0.000000] IOAPIC[0]: apic_id 1, version 32, address 0xfec00000, GSI 0-23
[    0.000000] ACPI: INT_SRC_OVR (bus 0 bus_irq 0 global_irq 2 dfl dfl)
[    0.000000] ACPI: INT_SRC_OVR (bus 0 bus_irq 9 global_irq 9 low level)
[    0.000000] Using ACPI (MADT) for SMP configuration information
[    0.000000] smpboot: Allowing 1 CPUs, 0 hotplug CPUs
[    0.000000] PM: Registered nosave memory: [mem 0x00000000-0x00000fff]
[    0.000000] PM: Registered nosave memory: [mem 0x0009f000-0x0009ffff]
[    0.000000] PM: Registered nosave memory: [mem 0x000a0000-0x000effff]
[    0.000000] PM: Registered nosave memory: [mem 0x000f0000-0x000fffff]
[    0.000000] e820: [mem 0x40000000-0xfebfffff] available for PCI devices
[    0.000000] Booting paravirtualized kernel on KVM
[    0.000000] clocksource: refined-jiffies: mask: 0xffffffff max_cycles: 0xffffffff, max_idle_ns: 7645519600211568 ns
[    0.000000] random: get_random_bytes called from start_kernel+0x99/0x4fd with crng_init=0
[    0.000000] setup_percpu: NR_CPUS:8192 nr_cpumask_bits:1 nr_cpu_ids:1 nr_node_ids:1
[    0.000000] percpu: Embedded 46 pages/cpu @        (ptrval) s151552 r8192 d28672 u2097152
[    0.000000] PV qspinlock hash table entries: 256 (order: 0, 4096 bytes)
[    0.000000] Built 1 zonelists, mobility grouping on.  Total pages: 257913
[    0.000000] Policy zone: DMA32
[    0.000000] Kernel command line: BOOT_IMAGE=/boot/vmlinuz-4.15.0-29-generic root=LABEL=cloudimg-rootfs ro console=tty1 console=ttyS0
[    0.000000] Memory: 983804K/1048120K available (12300K kernel code, 2470K rwdata, 4240K rodata, 2408K init, 2416K bss, 64316K reserved, 0K cma-reserved)
[    0.000000] SLUB: HWalign=64, Order=0-3, MinObjects=0, CPUs=1, Nodes=1
[    0.000000] Kernel/User page tables isolation: enabled
[    0.000000] ftrace: allocating 39092 entries in 153 pages
[    0.004000] Hierarchical RCU implementation.
[    0.004000] 	RCU restricting CPUs from NR_CPUS=8192 to nr_cpu_ids=1.
[    0.004000] 	Tasks RCU enabled.
[    0.004000] RCU: Adjusting geometry for rcu_fanout_leaf=16, nr_cpu_ids=1
[    0.004000] NR_IRQS: 524544, nr_irqs: 256, preallocated irqs: 16
[    0.004000] Console: colour VGA+ 80x25
[    0.004000] console [tty1] enabled
[    0.004000] console [ttyS0] enabled
[    0.004000] ACPI: Core revision 20170831
[    0.004000] ACPI: 2 ACPI AML tables successfully acquired and loaded
[    0.004000] APIC: Switch to symmetric I/O mode setup
[    0.004000] x2apic enabled
[    0.004000] Switched APIC routing to physical x2apic.
[    0.004000] ..TIMER: vector=0x30 apic1=0 pin1=2 apic2=-1 pin2=-1
[    0.004006] tsc: Detected 2494.226 MHz processor
[    0.008011] Calibrating delay loop (skipped) preset value.. 4988.45 BogoMIPS (lpj=9976904)
[    0.012004] pid_max: default: 32768 minimum: 301
[    0.016041] Security Framework initialized
[    0.020003] Yama: becoming mindful.
[    0.024028] AppArmor: AppArmor initialized
[    0.029669] Dentry cache hash table entries: 131072 (order: 8, 1048576 bytes)
[    0.032078] Inode-cache hash table entries: 65536 (order: 7, 524288 bytes)
[    0.036017] Mount-cache hash table entries: 2048 (order: 2, 16384 bytes)
[    0.040007] Mountpoint-cache hash table entries: 2048 (order: 2, 16384 bytes)
[    0.044179] CPU: Physical Processor ID: 0
[    0.048020] mce: CPU supports 0 MCE banks
[    0.052012] process: using mwait in idle threads
[    0.056006] Last level iTLB entries: 4KB 1024, 2MB 1024, 4MB 1024
[    0.060003] Last level dTLB entries: 4KB 1024, 2MB 1024, 4MB 1024, 1GB 4
[    0.064003] Spectre V2 : Mitigation: Full generic retpoline
[    0.068002] Speculative Store Bypass: Vulnerable
[    0.086200] Freeing SMP alternatives memory: 36K
[    0.092000] smpboot: CPU0: Intel(R) Core(TM) i7-4870HQ CPU @ 2.50GHz (family: 0x6, model: 0x46, stepping: 0x1)
[    0.092078] Performance Events: unsupported p6 CPU model 70 no PMU driver, software events only.
[    0.096042] Hierarchical SRCU implementation.
[    0.100612] NMI watchdog: Perf event create on CPU 0 failed with -2
[    0.104002] NMI watchdog: Perf NMI watchdog permanently disabled
[    0.108039] smp: Bringing up secondary CPUs ...
[    0.112003] smp: Brought up 1 node, 1 CPU
[    0.116003] smpboot: Max logical packages: 1
[    0.120004] smpboot: Total of 1 processors activated (4988.45 BogoMIPS)
[    0.124150] devtmpfs: initialized
[    0.128052] x86/mm: Memory block size: 128MB
[    0.132130] evm: security.selinux
[    0.136005] evm: security.SMACK64
[    0.140003] evm: security.SMACK64EXEC
[    0.144002] evm: security.SMACK64TRANSMUTE
[    0.148002] evm: security.SMACK64MMAP
[    0.152003] evm: security.apparmor
[    0.156002] evm: security.ima
[    0.160004] evm: security.capability
[    0.164148] clocksource: jiffies: mask: 0xffffffff max_cycles: 0xffffffff, max_idle_ns: 7645041785100000 ns
[    0.168019] futex hash table entries: 256 (order: 2, 16384 bytes)
[    0.172064] pinctrl core: initialized pinctrl subsystem
[    0.176108] RTC time:  0:04:14, date: 07/28/18
[    0.180093] NET: Registered protocol family 16
[    0.184073] audit: initializing netlink subsys (disabled)
[    0.188133] cpuidle: using governor ladder
[    0.189386] cpuidle: using governor menu
[    0.192009] audit: type=2000 audit(1532736257.397:1): state=initialized audit_enabled=0 res=1
[    0.196051] ACPI: bus type PCI registered
[    0.200004] acpiphp: ACPI Hot Plug PCI Controller Driver version: 0.5
[    0.204115] PCI: Using configuration type 1 for base access
[    0.208887] HugeTLB registered 2.00 MiB page size, pre-allocated 0 pages
[    0.216112] ACPI: Added _OSI(Module Device)
[    0.220007] ACPI: Added _OSI(Processor Device)
[    0.224003] ACPI: Added _OSI(3.0 _SCP Extensions)
[    0.228013] ACPI: Added _OSI(Processor Aggregator Device)
[    0.232021] ACPI: Added _OSI(Linux-Dell-Video)
[    0.236386] ACPI: Executed 1 blocks of module-level executable AML code
[    0.244352] ACPI: Interpreter enabled
[    0.248015] ACPI: (supports S0 S5)
[    0.252003] ACPI: Using IOAPIC for interrupt routing
[    0.256196] PCI: Using host bridge windows from ACPI; if necessary, use "pci=nocrs" and report a bug
[    0.260181] ACPI: Enabled 2 GPEs in block 00 to 07
[    0.273390] ACPI: PCI Root Bridge [PCI0] (domain 0000 [bus 00-ff])
[    0.276009] acpi PNP0A03:00: _OSC: OS supports [ASPM ClockPM Segments MSI]
[    0.280028] acpi PNP0A03:00: _OSC: not requesting OS control; OS requires [ExtendedConfig ASPM ClockPM MSI]
[    0.284013] acpi PNP0A03:00: fail to add MMCONFIG information, can't access extended PCI configuration space under this bridge.
[    0.292266] PCI host bridge to bus 0000:00
[    0.296016] pci_bus 0000:00: root bus resource [io  0x0000-0x0cf7 window]
[    0.300006] pci_bus 0000:00: root bus resource [io  0x0d00-0xffff window]
[    0.304005] pci_bus 0000:00: root bus resource [mem 0x000a0000-0x000bffff window]
[    0.305930] pci_bus 0000:00: root bus resource [mem 0x40000000-0xfdffffff window]
[    0.308030] pci_bus 0000:00: root bus resource [bus 00-ff]
[    0.312886] pci 0000:00:01.1: legacy IDE quirk: reg 0x10: [io  0x01f0-0x01f7]
[    0.315889] pci 0000:00:01.1: legacy IDE quirk: reg 0x14: [io  0x03f6]
[    0.316004] pci 0000:00:01.1: legacy IDE quirk: reg 0x18: [io  0x0170-0x0177]
[    0.317824] pci 0000:00:01.1: legacy IDE quirk: reg 0x1c: [io  0x0376]
[    0.334611] pci 0000:00:07.0: quirk: [io  0x4000-0x403f] claimed by PIIX4 ACPI
[    0.340004] pci 0000:00:07.0: quirk: [io  0x4100-0x410f] claimed by PIIX4 SMB
[    0.352384] ACPI: PCI Interrupt Link [LNKA] (IRQs 5 9 10 *11)
[    0.356308] ACPI: PCI Interrupt Link [LNKB] (IRQs 5 9 *10 11)
[    0.360140] ACPI: PCI Interrupt Link [LNKC] (IRQs 5 *9 10 11)
[    0.364136] ACPI: PCI Interrupt Link [LNKD] (IRQs 5 9 10 *11)
[    0.368380] SCSI subsystem initialized
[    0.372170] pci 0000:00:02.0: vgaarb: setting as boot VGA device
[    0.373994] pci 0000:00:02.0: vgaarb: VGA device added: decodes=io+mem,owns=io+mem,locks=none
[    0.376012] pci 0000:00:02.0: vgaarb: bridge control possible
[    0.380004] vgaarb: loaded
[    0.384047] ACPI: bus type USB registered
[    0.386567] usbcore: registered new interface driver usbfs
[    0.388020] usbcore: registered new interface driver hub
[    0.392020] usbcore: registered new device driver usb
[    0.396074] EDAC MC: Ver: 3.0.0
[    0.404215] PCI: Using ACPI for IRQ routing
[    0.408335] NetLabel: Initializing
[    0.412003] NetLabel:  domain hash size = 128
[    0.416002] NetLabel:  protocols = UNLABELED CIPSOv4 CALIPSO
[    0.420022] NetLabel:  unlabeled traffic allowed by default
[    0.424144] clocksource: Switched to clocksource kvm-clock
[    0.468442] VFS: Disk quotas dquot_6.6.0
[    0.471057] VFS: Dquot-cache hash table entries: 512 (order 0, 4096 bytes)
[    0.509632] AppArmor: AppArmor Filesystem Enabled
[    0.541268] pnp: PnP ACPI init
[    0.554594] pnp: PnP ACPI: found 3 devices
[    0.578640] clocksource: acpi_pm: mask: 0xffffff max_cycles: 0xffffff, max_idle_ns: 2085701024 ns
[    0.615007] NET: Registered protocol family 2
[    0.616035] TCP established hash table entries: 8192 (order: 4, 65536 bytes)
[    0.617400] TCP bind hash table entries: 8192 (order: 5, 131072 bytes)
[    0.618643] TCP: Hash tables configured (established 8192 bind 8192)
[    0.621527] UDP hash table entries: 512 (order: 2, 16384 bytes)
[    0.623969] UDP-Lite hash table entries: 512 (order: 2, 16384 bytes)
[    0.629420] NET: Registered protocol family 1
[    0.638718] pci 0000:00:00.0: Limiting direct PCI/PCI transfers
[    0.666270] pci 0000:00:01.0: Activating ISA DMA hang workarounds
[    0.668381] pci 0000:00:02.0: Video device with shadowed ROM at [mem 0x000c0000-0x000dffff]
[    0.703875] Unpacking initramfs...
[    0.965069] Freeing initrd memory: 18964K
[    1.003297] platform rtc_cmos: registered platform RTC device (no PNP device found)
[    1.044672] Scanning for low memory corruption every 60 seconds
[    1.046343] Initialise system trusted keyrings
[    1.047228] Key type blacklist registered
[    1.048052] workingset: timestamp_bits=36 max_order=18 bucket_order=0
[    1.051835] zbud: loaded
[    1.073424] squashfs: version 4.0 (2009/01/31) Phillip Lougher
[    1.093396] fuse init (API version 7.26)
[    1.098726] Key type asymmetric registered
[    1.099895] Asymmetric key parser 'x509' registered
[    1.102637] Block layer SCSI generic (bsg) driver version 0.4 loaded (major 246)
[    1.106072] io scheduler noop registered
[    1.107169] io scheduler deadline registered
[    1.108351] io scheduler cfq registered (default)
[    1.112311] ACPI: AC Adapter [AC] (on-line)
[    1.113505] input: Power Button as /devices/LNXSYSTM:00/LNXPWRBN:00/input/input0
[    1.115517] ACPI: Power Button [PWRF]
[    1.116671] input: Sleep Button as /devices/LNXSYSTM:00/LNXSLPBN:00/input/input1
[    1.121602] ACPI: Sleep Button [SLPF]
[    1.123795] ACPI: Battery Slot [BAT0] (battery present)
[    1.125430] Serial: 8250/16550 driver, 32 ports, IRQ sharing enabled
[    1.151355] 00:02: ttyS0 at I/O 0x3f8 (irq = 4, base_baud = 115200) is a 16550A
[    1.168959] Linux agpgart interface v0.103
[    1.190448] loop: module loaded
[    1.198040] scsi host0: ata_piix
[    1.205450] scsi host1: ata_piix
[    1.225812] ata1: PATA max UDMA/33 cmd 0x1f0 ctl 0x3f6 bmdma 0xd000 irq 14
[    1.249706] ata2: PATA max UDMA/33 cmd 0x170 ctl 0x376 bmdma 0xd008 irq 15
[    1.271648] libphy: Fixed MDIO Bus: probed
[    1.285968] tun: Universal TUN/TAP device driver, 1.6
[    1.343445] PPP generic driver version 2.4.2
[    1.364018] ehci_hcd: USB 2.0 'Enhanced' Host Controller (EHCI) Driver
[    1.388109] ehci-pci: EHCI PCI platform driver
[    1.423332] ehci-platform: EHCI generic platform driver
[    1.485837] ohci_hcd: USB 1.1 'Open' Host Controller (OHCI) Driver
[    1.503108] ohci-pci: OHCI PCI platform driver
[    1.512349] ohci-platform: OHCI generic platform driver
[    1.531418] uhci_hcd: USB Universal Host Controller Interface driver
[    1.562923] i8042: PNP: PS/2 Controller [PNP0303:PS2K,PNP0f03:PS2M] at 0x60,0x64 irq 1,12
[    1.632258] serio: i8042 KBD port at 0x60,0x64 irq 1
[    1.666933] serio: i8042 AUX port at 0x60,0x64 irq 12
[    1.670360] mousedev: PS/2 mouse device common for all mice
[    1.672947] input: AT Translated Set 2 keyboard as /devices/platform/i8042/serio0/input/input2
[    1.681949] rtc_cmos rtc_cmos: rtc core: registered rtc_cmos as rtc0
[    1.730004] rtc_cmos rtc_cmos: alarms up to one day, 114 bytes nvram
[    1.750401] i2c /dev entries driver
[    1.783171] device-mapper: uevent: version 1.0.3
[    1.786975] device-mapper: ioctl: 4.37.0-ioctl (2017-09-20) initialised: dm-devel@redhat.com
[    1.826809] ledtrig-cpu: registered to indicate activity on CPUs
[    1.836715] NET: Registered protocol family 10
[    1.840440] Segment Routing with IPv6
[    1.873284] NET: Registered protocol family 17
[    1.913011] Key type dns_resolver registered
[    1.963032] RAS: Correctable Errors collector initialized.
[    2.013888] sched_clock: Marking stable (2013854468, 0)->(4785746932, -2771892464)
[    2.063238] tsc: Refined TSC clocksource calibration: 2494.226 MHz
[    2.083655] clocksource: tsc: mask: 0xffffffffffffffff max_cycles: 0x23f3eb3743e, max_idle_ns: 440795257847 ns
[    2.114721] registered taskstats version 1
[    2.143174] Loading compiled-in X.509 certificates
[    2.151761] Loaded X.509 cert 'Build time autogenerated kernel key: 1cc37f41791529df57507d3747a6804ab53f482b'
[    2.176576] zswap: loaded using pool lzo/zbud
[    2.184555] Key type big_key registered
[    2.190705] Key type trusted registered
[    2.199232] Key type encrypted registered
[    2.201533] AppArmor: AppArmor sha1 policy hashing enabled
[    2.202965] ima: No TPM chip found, activating TPM-bypass! (rc=-19)
[    2.204732] evm: HMAC attrs: 0x1
[    2.206108]   Magic number: 10:619:52
[    2.207222] rtc_cmos rtc_cmos: setting system clock to 2018-07-28 00:04:16 UTC (1532736256)
[    2.211042] BIOS EDD facility v0.16 2004-Jun-25, 0 devices found
[    2.213831] EDD information not available.
[    2.217732] Freeing unused kernel memory: 2408K
[    2.228050] Write protecting the kernel read-only data: 20480k
[    2.229914] Freeing unused kernel memory: 2008K
[    2.235662] Freeing unused kernel memory: 1904K
[    2.242758] x86/mm: Checked W+X mappings: passed, no W+X pages found.
[    2.244810] x86/mm: Checking user space page tables
[    2.250507] x86/mm: Checked W+X mappings: passed, no W+X pages found.
Loading, please wait...
starting version 237
[    2.389770] e1000: Intel(R) PRO/1000 Network Driver - version 7.3.21-k8-NAPI
[    2.473088] e1000: Copyright (c) 1999-2006 Intel Corporation.
[    2.478606] Fusion MPT base driver 3.04.20
[    2.498653] Copyright (c) 1999-2008 LSI Corporation
[    2.524847] AVX2 version of gcm_enc/dec engaged.
[    2.572644] AES CTR mode by8 optimization enabled
[    2.651071] Fusion MPT SPI Host driver 3.04.20
[    2.672412] mptbase: ioc0: Initiating bringup
[    2.706483] input: ImExPS/2 Generic Explorer Mouse as /devices/platform/i8042/serio1/input/input4
[    2.824821] ioc0: LSI53C1030 A0: Capabilities={Initiator}
[    3.074174] scsi host2: ioc0: LSI53C1030 A0, FwRev=00000000h, Ports=1, MaxQ=256, IRQ=20
[    3.272708] scsi 2:0:0:0: Direct-Access     VBOX     HARDDISK         1.0  PQ: 0 ANSI: 5
[    3.298729] scsi target2:0:0: Beginning Domain Validation
[    3.300916] random: fast init done
[    3.302494] scsi target2:0:0: Domain Validation skipping write tests
[    3.304201] scsi target2:0:0: Ending Domain Validation
[    3.306679] scsi target2:0:0: asynchronous
[    3.308249] scsi 2:0:1:0: Direct-Access     VBOX     HARDDISK         1.0  PQ: 0 ANSI: 5
[    3.310244] scsi target2:0:1: Beginning Domain Validation
[    3.314608] scsi target2:0:1: Domain Validation skipping write tests
[    3.316198] scsi target2:0:1: Ending Domain Validation
[    3.317704] scsi target2:0:1: asynchronous
[    3.323429] random: systemd-udevd: uninitialized urandom read (16 bytes read)
[    3.325445] random: systemd-udevd: uninitialized urandom read (16 bytes read)
[    3.328780] sd 2:0:0:0: Attached scsi generic sg0 type 0
[    3.331502] random: systemd-udevd: uninitialized urandom read (16 bytes read)
[    3.333509] sd 2:0:0:0: [sda] 20971520 512-byte logical blocks: (10.7 GB/10.0 GiB)
[    3.335682] sd 2:0:0:0: [sda] Write Protect is off
[    3.337119] sd 2:0:1:0: Attached scsi generic sg1 type 0
[    3.343237] sd 2:0:0:0: [sda] Incomplete mode parameter data
[    3.345975] sd 2:0:0:0: [sda] Assuming drive cache: write through
[    3.347986] sd 2:0:1:0: [sdb] 20480 512-byte logical blocks: (10.5 MB/10.0 MiB)
[    3.354088] sd 2:0:1:0: [sdb] Write Protect is off
[    3.363542] random: systemd-udevd: uninitialized urandom read (16 bytes read)
[    3.390855] sd 2:0:1:0: [sdb] Incomplete mode parameter data
[    3.426421] sd 2:0:1:0: [sdb] Assuming drive cache: write through
[    3.466856]  sda: sda1
[    3.510873] random: systemd-udevd: uninitialized urandom read (16 bytes read)
[    3.557410] sd 2:0:0:0: [sda] Attached SCSI disk
[    3.577302] random: systemd-udevd: uninitialized urandom read (16 bytes read)
[    3.585540] random: systemd-udevd: uninitialized urandom read (16 bytes read)
[    3.595009] random: systemd-udevd: uninitialized urandom read (16 bytes read)
[    3.617725] sd 2:0:1:0: [sdb] Attached SCSI disk
[    3.626258] random: systemd-udevd: uninitialized urandom read (16 bytes read)
[    3.627671] random: systemd-udevd: uninitialized urandom read (16 bytes read)
[    3.917541] e1000 0000:00:03.0 eth0: (PCI:33MHz:32-bit) 02:bb:34:5d:fb:cd
[    3.927048] e1000 0000:00:03.0 eth0: Intel(R) PRO/1000 Network Connection
[    4.318456] e1000 0000:00:08.0 eth1: (PCI:33MHz:32-bit) 08:00:27:3b:c7:05
[    4.345201] e1000 0000:00:08.0 eth1: Intel(R) PRO/1000 Network Connection
[    4.384613] e1000 0000:00:08.0 enp0s8: renamed from eth1
[    4.393620] e1000 0000:00:03.0 enp0s3: renamed from eth0
Begin: Loading essential drivers ... [    5.772805] raid6: sse2x1   gen() 12310 MB/s
[    5.872502] raid6: sse2x1   xor()  9667 MB/s
[    5.937693] raid6: sse2x2   gen() 14369 MB/s
[    6.005417] raid6: sse2x2   xor()  9141 MB/s
[    6.072902] raid6: sse2x4   gen() 17255 MB/s
[    6.162623] raid6: sse2x4   xor() 11895 MB/s
[    6.242997] raid6: avx2x1   gen() 23815 MB/s
[    6.293353] raid6: avx2x1   xor() 16147 MB/s
[    6.373017] raid6: avx2x2   gen() 29184 MB/s
[    6.450924] raid6: avx2x2   xor() 17691 MB/s
[    6.525430] raid6: avx2x4   gen() 29459 MB/s
[    6.608303] raid6: avx2x4   xor() 16927 MB/s
[    6.609575] raid6: using algorithm avx2x4 gen() 29459 MB/s
[    6.612302] raid6: .... xor() 16927 MB/s, rmw enabled
[    6.613648] raid6: using avx2x2 recovery algorithm
[    6.616972] xor: automatically using best checksumming function   avx       
[    6.620478] async_tx: api initialized (async)
done.
Begin: Running /scripts/init-premount ... done.
Begin: Mounting root file system ... Begin: Running /scripts/lo[    6.671821] Btrfs loaded, crc32c=crc32c-intel
cal-top ... done.
Begin: Running /scripts/local-premount ... Scanning for Btrfs filesystems
done.
Warning: fsck not present, so skipping root file system
[    6.749684] EXT4-fs (sda1): mounted filesystem with ordered data mode. Opts: (null)
done.
Begin: Running /scripts/local-bottom ... done.
Begin: Running /scripts/init-bottom ... done.
[    6.932996] ip_tables: (C) 2000-2006 Netfilter Core Team
[    6.942786] systemd[1]: systemd 237 running in system mode. (+PAM +AUDIT +SELINUX +IMA +APPARMOR +SMACK +SYSVINIT +UTMP +LIBCRYPTSETUP +GCRYPT +GNUTLS +ACL +XZ +LZ4 +SECCOMP +BLKID +ELFUTILS +KMOD -IDN2 +IDN -PCRE2 default-hierarchy=hybrid)
[    6.947255] systemd[1]: Detected virtualization oracle.
[    7.017651] systemd[1]: Detected architecture x86-64.

Welcome to [1mUbuntu 18.04.1 LTS[0m!

[    7.058204] systemd[1]: Set hostname to <ubuntu>.
[    7.071647] systemd[1]: Initializing machine ID from random generator.
[    7.073085] systemd[1]: Installed transient /etc/machine-id file.
[    7.300443] systemd[1]: Started Forward Password Requests to Wall Directory Watch.
[[0;32m  OK  [0m] Started Forward Password Requests to Wall Directory Watch.
[    7.324656] systemd[1]: Reached target Swap.
[[0;32m  OK  [0m] Reached target Swap.
[    7.357876] systemd[1]: Created slice System Slice.
[[0;32m  OK  [0m] Created slice System Slice.
[    7.440630] systemd[1]: Listening on Journal Socket (/dev/log).
[[0;32m  OK  [0m] Listening on Journal Socket (/dev/log).
[[0;32m  OK  [0m] Created slice system-serial\x2dgetty.slice.
[[0;32m  OK  [0m] Listening on /dev/initctl Compatibility Named Pipe.
[[0;32m  OK  [0m] Listening on Syslog Socket.
[[0;32m  OK  [0m] Reached target User and Group Name Lookups.
[[0;32m  OK  [0m] Listening on Journal Audit Socket.
[[0;32m  OK  [0m] Listening on LVM2 metadata daemon socket.
[[0;32m  OK  [0m] Listening on udev Control Socket.
[[0;32m  OK  [0m] Listening on Device-mapper event daemon FIFOs.
[[0;32m  OK  [0m] Listening on Network Service Netlink Socket.
[[0;32m  OK  [0m] Listening on Journal Socket.
         Mounting POSIX Message Queue File System...
         Starting Uncomplicated firewall...
         Mounting Kernel Debug File System...
         Mounting Huge Pages File System...
         Starting Monitoring of LVM2 mirrors…ng dmeventd or progress polling...
         Starting Load Kernel Modules...
[[0;32m  OK  [0m] Listening on udev Kernel Socket.
         Starting udev Coldplug all Devices...
         Starting Create list of required st…ce nodes for the current kernel...
[[0;32m  OK  [0m] Created slice User and Session Slice.
[[0;32m  OK  [0m] Reached target Slices.
         Starting Journal Service...
[[0;32m  OK  [0m] Reached target System Time Synchronized.
[[0;32m  OK  [0m] [    7.731210] Loading iSCSI transport class v2.0-870.
Listening on LVM2 poll daemon socket.
[[0;32m  OK  [0m] Set up automount Arbitrary Executab…rmats File System Automount Point.
         Starting Set the console keyboard layout...
[    7.781472] iscsi: registered transport (tcp)
         Starting Remount Root and Kernel File Systems...
[[0;32m  OK  [0m] Started Journal Service.
[[0;32m  OK  [0m] Mounted POSIX Message Queue F[    7.855178] iscsi: registered transport (iser)
ile System.
[    7.874484] EXT4-fs (sda1): re-mounted. Opts: (null)
[[0;32m  OK  [0m] Started Uncomplicated firewall.
[[0;32m  OK  [0m] Mounted Kernel Debug File System.
[[0;32m  OK  [0m] Mounted Huge Pages File System.
[[0;32m  OK  [0m] Started Load Kernel Modules.
[[0;32m  OK  [0m] Started Create list of required sta…vice nodes for the current kernel.
[[0;32m  OK  [0m] Started Set the console keyboard layout.
[[0;32m  OK  [0m] Started Remount Root and Kernel File Systems.
[[0;32m  OK  [0m] Started udev Coldplug all Devices.
[[0;32m  OK  [0m] Started LVM2 metadata daemon.
         Starting Initial cloud-init job (pre-networking)...
         Starting Load/Save Random Seed...
         Starting Create Static Device Nodes in /dev...
         Starting Apply Kernel Variables...
         Mounting FUSE Control File System...
         Mounting Kernel Configuration File System...
         Starting Flush Journal to Persistent Storage...
[[0;32m  OK  [0m] Started Monitoring of LVM2 mirrors,…sing dmeventd or progress polling.
[[0;32m  OK  [0m] Started Load/Save Random Seed.
[[0;32m  OK  [0m] Started Create Static Device Nodes in /dev.
[[0;32m  OK  [0m] Mounted FUSE Control File System.
[[0;32m  OK  [0m] Mounted Kernel Configuration File System.
         Starting udev Kernel Device Manager...
[[0;32m  OK  [0m] Reached target Local File Systems (Pre).
[[0;32m  OK  [0m] Reached target Local File Systems.
         Starting ebtables ruleset management...
         Starting Tell Plymouth To Write Out Runtime Data...
         Starting Commit a transient machine-id on disk...
         Starting Set console font and keymap...
         Starting AppArmor initialization...
[[0;32m  OK  [0m] Started Apply Kernel Variables.
[[0;32m  OK  [0m] Started udev Kernel Device Manager.
[[0;32m  OK  [0m] Started Dispatch Password Requests to Console Directory Watch.
[[0;32m  OK  [0m] Reached target Local Encrypted Volumes.
[[0;32m  OK  [0m] Started Tell Plymouth To Write Out Runtime Data.
[[0;32m  OK  [0m] Started Set console font and keymap.
[[0;32m  OK  [0m] Started Commit a transient machine-id on disk.
[[0;32m  OK  [0m] Started Flush Journal to Persistent Storage.
         Starting Create Volatile Files and Directories...
[[0;32m  OK  [0m] Started Create Volatile Files and Directories.
         Starting Update UTMP about System Boot/Shutdown...
[[0;32m  OK  [0m] Started Update UTMP about System Boot/Shutdown.
[[0;32m  OK  [0m] Started ebtables ruleset management.
[[0;32m  OK  [0m] Found device /dev/ttyS0.
[[0;32m  OK  [0m] Listening on Load/Save RF Kill Switch Status /dev/rfkill Watch.
[   10.276485] cloud-init[398]: Cloud-init v. 18.2 running 'init-local' at Sat, 28 Jul 2018 00:04:23 +0000. Up 9.67 seconds.
[[0;32m  OK  [0m] Started Initial cloud-init job (pre-networking).
[[0;32m  OK  [0m] Reached target Network (Pre).
         Starting Network Service...
[[0;32m  OK  [0m] Started Network Service.
[[0;32m  OK  [0m] Started AppArmor initialization.
         Starting Network Name Resolution...
         Starting Wait for Network to be Configured...
[[0;32m  OK  [0m] Started Network Name Resolution.
[[0;32m  OK  [0m] Reached target Host and Network Name Lookups.
[[0;32m  OK  [0m] Reached target Network.
[[0;32m  OK  [0m] Started Wait for Network to be Configured.
         Starting Initial cloud-init job (metadata service crawler)...
[   13.644840] cloud-init[616]: Cloud-init v. 18.2 running 'init' at Sat, 28 Jul 2018 00:04:26 +0000. Up 12.62 seconds.
[[0;32m  OK  [0m[   13.720216] cloud-init[616]: ci-info: ++++++++++++++++++++++++++++++++++++++Net device info++++++++++++++++++++++++++++++++++++++
[   13.720265] cloud-init[616]: ci-info: +--------+------+----------------------------+---------------+--------+-------------------+
[   13.720297] cloud-init[616]: ci-info: | Device |  Up  |          Address           |      Mask     | Scope  |     Hw-Address    |
[   13.720328] cloud-init[616]: ci-info: +--------+------+----------------------------+---------------+--------+-------------------+
[   13.720360] cloud-init[616]: ci-info: | enp0s3 | True |         10.0.2.15          | 255.255.255.0 | global | 02:bb:34:5d:fb:cd |
[   13.720393] cloud-init[616]: ci-info: | enp0s3 | True | fe80::bb:34ff:fe5d:fbcd/64 |       .       |  link  | 02:bb:34:5d:fb:cd |
[   13.720422] cloud-init[616]: ci-info: |   lo   | True |         127.0.0.1          |   255.0.0.0   |  host  |         .         |
[   13.720455] cloud-init[616]: ci-info: |   lo   | True |          ::1/128           |       .       |  host  |         .         |
[   13.720485] cloud-init[616]: ci-info: +--------+------+----------------------------+---------------+--------+-------------------+
[   13.720513] cloud-init[616]: ci-info: ++++++++++++++++++++++++++++Route IPv4 info+++++++++++++++++++++++++++++
[   13.720540] cloud-init[616]: ci-info: +-------+-------------+----------+-----------------+-----------+-------+
[   13.720571] cloud-init[616]: ci-info: | Route | Destination | Gateway  |     Genmask     | Interface | Flags |
[   13.720602] cloud-init[616]: ci-info: +-------+-------------+----------+-----------------+-----------+-------+
[   13.720631] cloud-init[616]: ci-info: |   0   |   0.0.0.0   | 10.0.2.2 |     0.0.0.0     |   enp0s3  |   UG  |
[   13.720663] cloud-init[616]: ci-info: |   1   |   10.0.2.0  | 0.0.0.0  |  255.255.255.0  |   enp0s3  |   U   |
[   13.720692] cloud-init[616]: ci-info: |   2   |   10.0.2.2  | 0.0.0.0  | 255.255.255.255 |   enp0s3  |   UH  |
[   13.720719] cloud-init[616]: ci-info: +-------+-------------+----------+-----------------+-----------+-------+
[   13.720745] cloud-init[616]: ci-info: +++++++++++++++++++Route IPv6 info+++++++++++++++++++
[   13.720784] cloud-init[616]: ci-info: +-------+-------------+---------+-----------+-------+
[   13.720815] cloud-init[616]: ci-info: | Route | Destination | Gateway | Interface | Flags |
[   13.720844] cloud-init[616]: ci-info: +-------+-------------+---------+-----------+-------+
[   13.720875] cloud-init[616]: ci-info: |   1   |  fe80::/64  |    ::   |   enp0s3  |   U   |
[   13.720905] cloud-init[616]: ci-info: |   3   |    local    |    ::   |   enp0s3  |   U   |
[   13.720952] cloud-init[616]: ci-info: |   4   |   ff00::/8  |    ::   |   enp0s3  |   U   |
[   13.720997] cloud-init[616]: ci-info: +-------+-------------+---------+-----------+-------+
[   13.721028] cloud-init[616]: Generating public/private rsa key pair.
[   13.721058] cloud-init[616]: Your identification has been saved in /etc/ssh/ssh_host_rsa_key.
[   13.721088] cloud-init[616]: Your public key has been saved in /etc/ssh/ssh_host_rsa_key.pub.
[   13.721118] cloud-init[616]: The key fingerprint is:
[   13.721149] cloud-init[616]: SHA256:6m0KxliftXl6qX2QLqDGjqH4HyJ7lwb1UvjkqkKR27Q root@ubuntu-bionic
[   13.721181] cloud-init[616]: The key's randomart image is:
[   13.721209] cloud-init[616]: +---[RSA 2048]----+
[   13.721239] cloud-init[616]: |                 |
[   13.721267] cloud-init[616]: |                 |
[   13.721293] cloud-init[616]: |  .  .           |
[   13.721320] cloud-init[616]: | o .o o          |
[   13.721350] cloud-init[616]: |  =.o*  S  .     |
[   13.721383] cloud-init[616]: | o.E..=+ oo      |
[   13.721414] cloud-init[616]: |o +o==+.o..o     |
[   13.721445] cloud-init[616]: |o+.=O+ .o++ .    |
[   13.721475] cloud-init[616]: |+++Bo oo++..     |
[   13.721505] cloud-init[616]: +----[SHA256]-----+
[   13.721532] cloud-init[616]: Generating public/private dsa key pair.
[   13.721622] cloud-init[616]: Your identification has been saved in /etc/ssh/ssh_host_dsa_key.] Started Initial cloud-init job (metadata service crawler).
[[0;32m  OK  [0m] Reached target System Initialization.
[[0;32m  OK  [0m] Listening on ACPID Listen Socket.
[[0;32m  OK  [0m] Started Daily Cleanup of Temporary Directories.

[[0;32m  OK  [0m] Started ACPI Events Check.
[[0;32m  OK  [0m] Reached target Paths.
[   14.350759] cloud-init[616]: Your public key has been saved in /etc/ssh/ssh_host_dsa_key.pub.[[0;32m  OK  [0m] Started Daily apt download activities.
[[0;32m  OK  [0m] Started Daily apt upgrade and clean activities.
[[0;32m  OK  [0m] Started Message of the Day.

         Starting Socket activation for snappy daemon.[   14.368480] cloud-init[616]: The key fingerprint is:
[   14.368520] cloud-init[616]: SHA256:/zZMKRB3Ttj1al+ioylg2dUclMIGrKv4SKkxqXm9eS4 root@ubuntu-bionic
[   14.368548] cloud-init[616]: The key's randomart image is:
[   14.368575] cloud-init[616]: +---[DSA 1024]----+
[   14.368605] cloud-init[616]: |       ..o +.o.  |
[   14.368636] cloud-init[616]: |        o * *  . |
[   14.368663] cloud-init[616]: |       . + B .  .|
[   14.368693] cloud-init[616]: |      . . . +  . |
[   14.368721] cloud-init[616]: |       +So   .+ .|
[   14.368748] cloud-init[616]: | . .  = ... oo o.|
[   14.368773] cloud-init[616]: |+ oo o .  .+o   .|
[   14.368800] cloud-init[616]: |.*o.E.. .  ++.   |
[   14.368826] cloud-init[616]: |+...+=.  .o...   |
[   14.368855] cloud-init[616]: +----[SHA256]-----+
[   14.368881] cloud-init[616]: Generating public/private ecdsa key pair.
[   14.368910] cloud-init[616]: Your identification has been saved in /etc/ssh/ssh_host_ecdsa_key.
[   14.368937] cloud-init[616]: Your public key has been saved in /etc/ssh/ssh_host_ecdsa_key.pub.
[   14.368966] cloud-init[616]: The key fingerprint is:
[   14.368992] cloud-init[616]: SHA256:+z558ifcIz2frIz8xOZx/jC7H5qLXIS9AumDURlhwL8 root@ubuntu-bionic
[   14.369023] cloud-init[616]: The key's randomart image is:
[   14.369049] cloud-init[616]: +---[ECDSA 256]---+
[   14.369077] cloud-init[616]: |      ...+.      |
[   14.369105] cloud-init[616]: |       .. o      |
[   14.369134] cloud-init[616]: |        .o       |
[   14.369162] cloud-init[616]: |        ... o    |
[   14.369190] cloud-init[616]: |       .So.. o   |
[   14.369220] cloud-init[616]: |        +E. o .  |
[   14.369248] cloud-init[616]: |       ..o + Xoo |
[   14.369276] cloud-init[616]: |         .B # &+o|
[   14.369373] cloud-init[616]: |         .oXo%=X=|
[   14.369416] cloud-init[616]: +----[SHA256]-----+
[   14.369442] cloud-init[616]: Generating public/private ed25519 key pair.
[   14.369473] cloud-init[616]: Your identification has been saved in /etc/ssh/ssh_host_ed25519_key.
[   14.369503] cloud-init[616]: Your public key has been saved in /etc/ssh/ssh_host_ed25519_key.pub.
[   14.369532] cloud-init[616]: The key fingerprint is:
[   14.369559] cloud-init[616]: SHA256:O96SBT2Ib5McLiykW/FNdyrqU3NAjtTxNVeHq0yRnPI root@ubuntu-bionic
[   14.369585] cloud-init[616]: The key's randomart image is:
[   14.369610] cloud-init[616]: +--[ED25519 256]--+
[   14.369638] cloud-init[616]: |       ... .oo.oo|
[   14.369666] cloud-init[616]: |      . o...=o. .|
[   14.369895] cloud-init[616]: |     . = o.o . . |
[   14.369933] cloud-init[616]: |    o o B + E .  |
[   14.369960] cloud-init[616]: |   o + *S* * .   |
[   14.369986] cloud-init[616]: |  . o + %.+ o    |
[   14.370012] cloud-init[616]: |   o . =oB       |
[   14.370041] cloud-init[616]: |  .   o.oo       |
[   14.370068] cloud-init[616]: |     ......      |
[   14.370098] cloud-init[616]: +----[SHA256]-----+

[[0;32m  OK  [0m] Listening on D-Bus System Message Bus Socket.
[[0;32m  OK  [0m] Listening on UUID daemon activation socket.
         Starting LXD - unix socket.
[[0;32m  OK  [0m] Started Discard unused blocks once a week.
[[0;32m  OK  [0m] Reached target Timers.
[[0;32m  OK  [0m] Reached target Network is Online.
         Starting iSCSI initiator daemon (iscsid)...
[[0;32m  OK  [0m] Reached target Cloud-config availability.
[[0;32m  OK  [0m] Listening on Socket activation for snappy daemon.
[[0;32m  OK  [0m] Listening on LXD - unix socket.
[[0;32m  OK  [0m] Reached target Sockets.
[[0;32m  OK  [0m] Reached target Basic System.
         Starting LSB: Record successful boot for GRUB...
         Starting Apply the settings specified in cloud-config...
[[0;32m  OK  [0m] Started FUSE filesystem for LXC.
[[0;32m  OK  [0m] Started D-Bus System Message Bus.
[[0;32m  OK  [0m] Started Deferred execution scheduler.
         Starting Login Service...
         Starting LXD - container startup/shutdown...
[[0;32m  OK  [0m] Started Unattended Upgrades Shutdown.
         Starting System Logging Service...
         Starting Dispatcher daemon for systemd-networkd...
         Starting Virtualbox guest utils...
[[0;32m  OK  [0m] Started irqbalance daemon.
         Starting Pollinate to seed the pseudo random number generator...
[[0;32m  OK  [0m] Started Regular background program processing daemon.
         Starting Accounts Service...
         Starting Snappy daemon...
[[0;32m  OK  [0m] Started System Logging Service.
[[0;32m  OK  [0m] Started iSCSI initiator daemon (iscsid).
[[0;32m  OK  [0m] Started LXD - container startup/shutdown.
[[0;32m  OK  [0m] Started Login Service.
         Starting Authorization Manager...
[[0;32m  OK  [0m] Reached target Remote File Systems (Pre).
[[0;32m  OK  [0m] Reached target Remote File Systems.
         Starting Permit User Sessions...
         Starting LSB: automatic crash report generation...
         Starting Availability of block devices...
[[0;32m  OK  [0m] Started Permit User Sessions.
[[0;32m  OK  [0m] Started Authorization Manager.
[[0;32m  OK  [0m] Started Accounts Service.
         Starting Terminate Plymouth Boot Screen...
         Starting Hold until boot process finishes up...
[[0;32m  OK  [0m] Started Availability of block devices.
[[0;32m  OK  [0m] Started Terminate Plymouth Boot Screen.
[[0;32m  OK  [0m] Started Hold until boot process finishes up.
         Starting Set console scheme...
[[0;32m  OK  [0m] Started Serial Getty on ttyS0.
[[0;32m  OK  [0m] Started LSB: Record successful boot for GRUB.
[[0;32m  OK  [0m] Started Set console scheme.
[[0;32m  OK  [0m] Created slice system-getty.slice.
[[0;32m  OK  [0m] Started Getty on tty1.
[[0;32m  OK  [0m] Reached target Login Prompts.
[[0;32m  OK  [0m] Started LSB: automatic crash report generation.
[[0;32m  OK  [0m] Started Virtualbox guest utils.
[[0;32m  OK  [0m] Started Snappy daemon.
         Starting Wait until snapd is fully seeded...
[[0;32m  OK  [0m] Started Dispatcher daemon for systemd-networkd.
[[0;32m  OK  [0m] Started Pollinate to seed the pseudo random number generator.
         Starting OpenBSD Secure Shell server...
[[0;32m  OK  [0m] Started OpenBSD Secure Shell server.
[[0;32m  OK  [0m] Created slice User Slice of vagrant.
         Starting User Manager for UID 1000...
[[0;32m  OK  [0m] Started Session 1 of user vagrant.
[[0;32m  OK  [0m] Started User Manager for UID 1000.
[   17.118668] cloud-init[784]: Cloud-init v. 18.2 running 'modules:config' at Sat, 28 Jul 2018 00:04:30 +0000. Up 16.37 seconds.
[[0;32m  OK  [0m] Started Apply the settings specified in cloud-config.
         Stopping User Manager for UID 1000...
[[0;32m  OK  [0m] Stopped User Manager for UID 1000.
[[0;32m  OK  [0m] Removed slice User Slice of vagrant.
[[0;32m  OK  [0m] Created slice User Slice of vagrant.
         Starting User Manager for UID 1000...
[[0;32m  OK  [0m] Started Session 3 of user vagrant.
[[0;32m  OK  [0m] Started User Manager for UID 1000.
[[0;32m  OK  [0m] Started Wait until snapd is fully seeded.
[[0;32m  OK  [0m] Reached target Multi-User System.
[[0;32m  OK  [0m] Reached target Graphical Interface.
         Starting Update UTMP about System Runlevel Changes...
         Starting Execute cloud user/final scripts...
[[0;32m  OK  [0m] Started Update UTMP about System Runlevel Changes.
ci-info: no authorized ssh keys fingerprints found for user ubuntu.
<14>Jul 28 00:04:35 ec2: 
<14>Jul 28 00:04:35 ec2: #############################################################
<14>Jul 28 00:04:35 ec2: -----BEGIN SSH HOST KEY FINGERPRINTS-----
<14>Jul 28 00:04:35 ec2: 1024 SHA256:/zZMKRB3Ttj1al+ioylg2dUclMIGrKv4SKkxqXm9eS4 root@ubuntu-bionic (DSA)
<14>Jul 28 00:04:35 ec2: 256 SHA256:+z558ifcIz2frIz8xOZx/jC7H5qLXIS9AumDURlhwL8 root@ubuntu-bionic (ECDSA)
<14>Jul 28 00:04:35 ec2: 256 SHA256:O96SBT2Ib5McLiykW/FNdyrqU3NAjtTxNVeHq0yRnPI root@ubuntu-bionic (ED25519)
<14>Jul 28 00:04:35 ec2: 2048 SHA256:6m0KxliftXl6qX2QLqDGjqH4HyJ7lwb1UvjkqkKR27Q root@ubuntu-bionic (RSA)
<14>Jul 28 00:04:35 ec2: -----END SSH HOST KEY FINGERPRINTS-----
<14>Jul 28 00:04:35 ec2: #############################################################
-----BEGIN SSH HOST KEY KEYS-----
ecdsa-sha2-nistp256 AAAAE2VjZHNhLXNoYTItbmlzdHAyNTYAAAAIbmlzdHAyNTYAAABBBHMThiy2g66GM7lXkqOH+/R0QaBATNUkQt/kkeU29qgv0x1aNpGppomCQX5d+Na2Q/ARjFukICys7mz5PpkMOA0= root@ubuntu-bionic
ssh-ed25519 AAAAC3NzaC1lZDI1NTE5AAAAIGAgGhFXWVms3OIopfHZab53HriNNI+mG2u8Vv81VgYv root@ubuntu-bionic
ssh-rsa AAAAB3NzaC1yc2EAAAADAQABAAABAQCxyUhOZVl0wWiodcQ/HBwSHv6ASLLcmsXXOMGEDF+Q3oZFzgQ8B8j7BseRbNaiCYfoP1BcEFxztAjqMDAyIEwOpDfurMlAg8pNXQ9FMnqO3rg7n4Jn9cTGa2+qgzkDQhox1LeZDJehChxnpkPOyfZJEefgw8QIJvjObt/9EF95Ny/fXoX76VFaRKhfj0IbfqLIfO5Fm7RW7JH+3PDWJLipua45TV2xx7wZomZUiXiuBq9RZv84wanYvt80v7Y5Gg7KvCW5yluj8Iq5obLyW6bKigeeahlnh+sDxacKVv5GCuxFtsY7reo6Xp9uth7q8Is+shilpnkeOwwSeCGr7FUh root@ubuntu-bionic
-----END SSH HOST KEY KEYS-----
[   20.836544] cloud-init[1353]: Cloud-init v. 18.2 running 'modules:final' at Sat, 28 Jul 2018 00:04:34 +0000. Up 20.52 seconds.
[   20.836602] cloud-init[1353]: ci-info: no authorized ssh keys fingerprints found for user ubuntu.
[   20.836632] cloud-init[1353]: Cloud-init v. 18.2 finished at Sat, 28 Jul 2018 00:04:35 +0000. Datasource DataSourceNoCloud [seed=/dev/sdb][dsmode=net].  Up 20.81 seconds

Ubuntu 18.04.1 LTS ubuntu-bionic ttyS0

ubuntu-bionic login:          Stopping Availability of block devices...
[[0;32m  OK  [0m] Stopped target Gr         Stopping User Manager for UID 1000...
[[0;32m  OK  [0m] Stopped target Timers.
[[0;32m  OK  [0m] Stopped Daily Cleanup of Temporary Directories.
[[0;32m  OK  [0m] Stopped Daily apt upgrade and clean activities.
[[0;32m  OK  [0m] Stopped Message of the Day.
[[0;32m  OK  [0m] Stopped Discard unused blocks once a week.
[[0;32m  OK  [0m] Stopped Daily apt download activities.
         Stopping System Logging Service...
[[0;32m  OK  [0m] Stopped Apply the settings specified in cloud-config.
[[0;32m  OK  [0m] Stopped target Cloud-config availability.
[[0;32m  OK  [0m] Stopped target System Time Synchronized.
         Stopping Session 3 of user vagrant.
[[0;32m  OK  [0m] Unmounted /var/lib/lxcfs.
[[0;32m  OK  [0m] Stopped Deferred execution scheduler.
[[0;32m  OK  [0m] Stopped System Logging Service.
[[0;32m  OK  [0m] Stopped Dispatcher daemon for systemd-networkd.
[[0;32m  OK  [0m] Stopped Regular background program processing daemon.
[[0;32m  OK  [0m] Stopped Accounts Service.
[[0;32m  OK  [0m] Stopped Snappy daemon.
[[0;32m  OK  [0m] Stopped Authorization Manager.
[[0;32m  OK  [0m] Stopped Serial Getty on ttyS0.
[[0;32m  OK  [0m] Stopped Getty on tty1.
[[0;32m  OK  [0m] Stopped OpenBSD Secure Shell server.
[[0;32m  OK  [0m] Stopped User Manager for UID 1000.
[[0;32m  OK  [0m] Stopped Availability of block devices.
[[0;32m  OK  [0m] Stopped D-Bus System Message Bus.
[[0;32m  OK  [0m] Stopped Unattended Upgrades Shutdown.
[[0;32m  OK  [0m] Stopped FUSE filesystem for LXC.
[[0;32m  OK  [0m] Stopped Session 3 of user vagrant.
[[0;32m  OK  [0m] Stopped Session 6 of user vagrant.
[[0;32m  OK  [0m] Removed slice User Slice of vagrant.
         Stopping Login Service...
[[0;32m  OK  [0m] Removed slice system-getty.slice.
[[0;32m  OK  [0m] Removed slice system-serial\x2dgetty.slice.
         Stopping Permit User Sessions...
[[0;32m  OK  [0m] Stopped Login Service.
[[0;32m  OK  [0m] Stopped The Salt Minion.
[[0;32m  OK  [0m] Stopped vboxadd-service.service.
[[0;32m  OK  [0m] Stopped LXD - container startup/shutdown.
[[0;32m  OK  [0m] Stopped Permit User Sessions.
         Stopping vboxadd.service...
[[0;32m  OK  [0m] Stopped target User and Group Name Lookups.
[[0;32m  OK  [0m] Stopped LSB: Record successful boot for GRUB.
[[0;32m  OK  [0m] Stopped LSB: automatic crash report generation.
[[0;32m  OK  [0m] Stopped target Remote File Systems.
[[0;32m  OK  [0m] Stopped target Remote File Systems (Pre).
         Stopping iSCSI initiator daemon (iscsid)...
[[0;32m  OK  [0m] Unmounted /vagrant.
[[0;32m  OK  [0m] Stopped vboxadd.service.
[[0;32m  OK  [0m] Stopped iSCSI initiator daemon (iscsid).
[[0;32m  OK  [0m] Stopped target Network is Online.
[[0;32m  OK  [0m] Stopped target Network.
         Stopping Network Name Resolution...
[[0;32m  OK  [0m] Stopped target Basic System.
[[0;32m  OK  [0m] Stopped target Slices.
[[0;32m  OK  [0m] Removed slice User and Session Slice.
[[0;32m  OK  [0m] Stopped target Sockets.
[[0;32m  OK  [0m] Closed UUID daemon activation socket.
[[0;32m  OK  [0m] Closed ACPID Listen Socket.
[[0;32m  OK  [0m] Closed LXD - unix socket.
[[0;32m  OK  [0m] Closed Socket activation for snappy daemon.
[[0;32m  OK  [0m] Closed Syslog Socket.
[[0;32m  OK  [0m] Closed D-Bus System Message Bus Socket.
[[0;32m  OK  [0m] Stopped target Paths.
[[0;32m  OK  [0m] Stopped ACPI Events Check.
[[0;32m  OK  [0m] Stopped target System Initialization.
[[0;32m  OK  [0m] Stopped Initial cloud-init job (metadata service crawler).
         Stopping Update UTMP about System Boot/Shutdown...
[[0;32m  OK  [0m] Stopped Commit a transient machine-id on disk.
[[0;32m  OK  [0m] Stopped target Local Encrypted Volumes.
[[0;32m  OK  [0m] Stopped Dispatch Password Requests to Console Directory Watch.
[[0;32m  OK  [0m] Stopped Forward Password Requests to Wall Directory Watch.
         Stopping Load/Save Random Seed...
[[0;32m  OK  [0m] Stopped Network Name Resolution.
[[0;32m  OK  [0m] Stopped Load/Save Random Seed.
         Stopping Network Service...
[[0;32m  OK  [0m] Stopped Network Service.
[[0;32m  OK  [0m] Stopped Update UTMP about System Boot/Shutdown.
[[0;32m  OK  [0m] Stopped Create Volatile Files and Directories.
[[0;32m  OK  [0m] Stopped target Local File Systems.
         Unmounting /run/user/1000...
[[0;32m  OK  [0m] Stopped target Network (Pre).
[[0;32m  OK  [0m] Stopped Initial cloud-init job (pre-networking).
[[0;32m  OK  [0m] Stopped Apply Kernel Variables.
[[0;32m  OK  [0m] Stopped Load Kernel Modules.
[[0;32m  OK  [0m] Unmounted /run/user/1000.
[[0;32m  OK  [0m] Reached target Unmount All Filesystems.
[[0;32m  OK  [0m] Stopped target Swap.
[[0;32m  OK  [0m] Stopped target Local File Systems (Pre).
         Stopping Monitoring of LVM2 mirrors…ng dmeventd or progress polling...
[[0;32m  OK  [0m] Stopped Create Static Device Nodes in /dev.
[[0;32m  OK  [0m] Stopped Remount Root and Kernel File Systems.
[[0;32m  OK  [0m] Reached target Shutdown.
[[0;32m  OK  [0m] Reached target Final Step.
         Starting Power-Off...
[[0;32m  OK  [0m] Stopped Monitoring of LVM2 mirrors,…sing dmeventd or progress polling.
         Stopping LVM2 metadata daemon...
[[0;32m  OK  [0m] Stopped LVM2 metadata daemon.
[ 3089.500931] reboot: Power down
